make.exe all --print-data-base --no-builtin-variables --no-builtin-rules --question
# GNU Make 3.81
# Copyright (C) 2006  Free Software Foundation, Inc.
# This is free software; see the source for copying conditions.
# There is NO warranty; not even for MERCHANTABILITY or FITNESS FOR A
# PARTICULAR PURPOSE.

# This program built for i386-pc-mingw32
 

# Make data base, printed on Fri Aug 20 15:42:59 2021

# Variables

# automatic
<D = $(patsubst %/,%,$(dir $<))
# automatic
?F = $(notdir $?)
# makefile
MAKEFLAGS = Rrqp
# environment
VSCODE_LOG_NATIVE = false
# makefile (from `makefile', line 5)
TARGET = main
# automatic
?D = $(patsubst %/,%,$(dir $?))
# makefile (from `makefile', line 17)
DEFS = -DSTM32F1
# automatic
@D = $(patsubst %/,%,$(dir $@))
# environment
HOMEDRIVE = C:
# automatic
@F = $(notdir $@)
# automatic
^D = $(patsubst %/,%,$(dir $^))
# makefile
CURDIR := c:/dev/project/stm32_tiny_monitor-master
# default
SHELL := sh.exe
# environment
WINDIR = C:\Windows
# environment
VSCODE_NLS_CONFIG = {"locale":"en-us","availableLanguages":{},"_languagePackSupport":true}
# makefile (from `makefile', line 51)
CFLAGS = -ggdb -Wall -Wextra -Warray-bounds -mlittle-endian -mthumb -mthumb-interwork -mfloat-abi=soft --specs=nano.specs $(MCFLAGS) -O0 -ffunction-sections -fdata-sections
# environment
ONEDRIVE = C:\Users\Linh Le\OneDrive
# environment
PATHEXT = .CO 
M;.EXE;.BAT;.CMD;.VBS;.VBE;.JS;.JSE;.WSF;.WSH;.MSC
# makefile (from `makefile', line 1)
MAKEFILE_LIST :=  makefile
# environment
FPS_BROWSER_USER_PROFILE_STRING = Default
# makefile (from `makefile', line 13)
CP = $(TOOLCHAIN_PREFIX)-objcopy
# environment
TMP = C:\Users\LINHLE~1\AppData\Local\Temp
# environment
VSCODE_VERBOSE_LOGGING = true
# makefile (from `makefile', line 12)
AS = $(TOOLCHAIN_PREFIX)-as
# environment
PROGRAMW6432 = C:\Program Files
# environment
PROGRAMDATA = C:\ProgramData
# environment
VSCODE_IPC_HOOK_EXTHOST = \\.\pipe\vscode-ipc-d7526bda-789e-47ec-9f64-e6524119d80e-sock
# environment
VSCODE_CWD = C:\Users\Linh Le\AppData\Local\Programs\Microsoft VS Code
# environment
PATH = C:\Program Files (x86)\Intel\iCLS Client\;C:\Program Files\Intel\iCLS Client\;D:\EPBrowser\oraclexe\app\oracle\product\10.2.0\server\bin;C:\Windows\system32;C:\Windows;C:\Windows\System32\Wbem;C:\Windows\System32\WindowsPowerShell\v1.0\;C:\Windows\System32\OpenSSH\;C:\Program Files (x86)\GNU Arm Embedded Toolchain\10 2020-q4-major\bin;;C:\Program Files\Intel\Intel(R) Management Engine Components\DAL;C:\Program Files\Intel\Intel(R) Management Engine Components\IPT;C:\Program Files (x86)\Intel\Intel(R) Management Engine Components\DAL;C:\Program Files (x86)\Intel\Intel(R) Management Engine Components\IPT;C:\Users\Linh Le\AppData\Local\Microsoft\WindowsApps;C:\Program Files (x86)\dev\10 2020-q4-major\bin;C:\Program Files (x86)\dev\OpenOCD-20210625-0.11.0\bin;C:\Program Files (x86)\dev\Make\bin;;C:\Users\Linh Le\AppData\Lo 
cal\Programs\Microsoft VS Code\bin
# makefile (from `makefile', line 11)
LD = $(TOOLCHAIN_PREFIX)-gcc
# environment
COMMONPROGRAMW6432 = C:\Program Files\Common Files
# makefile (from `makefile', line 34)
INCLS = -I. -Ilibopencm3/include -Iinc -Ifonts
# environment
PROCESSOR_ARCHITECTURE = x86
# environment
USERPROFILE = C:\Users\Linh Le
# makefile (from `makefile', line 14)
OD = $(TOOLCHAIN_PREFIX)-objdump
# environment
ALLUSERSPROFILE = C:\ProgramData
# environment
VSCODE_LOG_STACK = false
# environment
N 
UMBER_OF_PROCESSORS = 4
# environment
ELECTRON_RUN_AS_NODE = 1
# default
.FEATURES := target-specific order-only second-expansion else-if archives
# automatic
%F = $(notdir $%)
# environment
CHROME_CRASHPAD_PIPE_NAME = \\.\pipe\crashpad_6464_TYUHCIKLFYLAUVBZ
# environment
VSCODE_PIPE_LOGGING = true
# environment
COMPUTERNAME = DESKTOP-1G667LK
# environment
PROGRAMFILES = C:\Program Files (x86)
# environment
DRIVERDATA = C:\Windows\System32\Drivers\DriverData
# environment
ORIGINAL_XDG_CURRENT_DESKTOP = unde 
fined
# environment
USERNAME = Linh Le
# environment
PUBLIC = C:\Users\Public
# environment
VSCODE_AMD_ENTRYPOINT = vs/workbench/services/extensions/node/extensionHostProcess
# makefile (from `makefile', line 20)
MCFLAGS = -mcpu=$(MCU)
# environment
VSCODE_CODE_CACHE_PATH = C:\Users\Linh Le\AppData\Roaming\Code\CachedData\3866c3553be8b268c8a7f8c0482c0c0177aa8bfa
# environment
APPLICATION_INSIGHTS_NO_DIAGNOSTIC_CHANNEL = true
# environment
COMMONPROGRAMFILES = C:\Program Files (x86)\Common Files
# environmen 
t
LOGONSERVER = \\DESKTOP-1G667LK
# environment
VSCODE_HANDLES_UNCAUGHT_ERRORS = true
# environment
USERDOMAIN = DESKTOP-1G667LK
# makefile (from `makefile', line 19)
MCU = cortex-m3
# default
MAKE = $(MAKE_COMMAND)
# default
MAKECMDGOALS := all
# makefile (from `makefile', line 28)
SRCS = src/main.c src/st7789_stm32_spi.c libopencm3/lib/cm3/vector.c src/usb_descriptor.c src/common.c
# makefile (from `makefile', line 10)
CC = $(TOOLCHAIN_PREFIX)-gcc
# makefile (from `makefile', line 8)
TOOLCHAIN_PREFIX = C: 
/dev/10 2020-q4-major/bin/bin/arm-none-eabi
# default
MAKE_VERSION := 3.81
# makefile
.DEFAULT_GOAL := all
# environment
PROGRAMFILES(X86) = C:\Program Files (x86)
# automatic
%D = $(patsubst %/,%,$(dir $%))
# makefile (from `makefile', line 61)
LFLAGS = -Tstm32f103xb.ld --specs=nosys.specs -Wl,--gc-sections -static -Wl,--Map=$(TARGET).map -Wl,--cref --static -nostartfiles 
# environment
LOCALAPPDATA = C:\Users\Linh Le\AppData\Local
# environment
PSMODULEPATH = C:\Program Files\WindowsPowerShell\Modules;C:\ 
Windows\system32\WindowsPowerShell\v1.0\Modules
# default
MAKE_COMMAND := make.exe
# environment
PROCESSOR_ARCHITEW6432 = AMD64
# default
.VARIABLES := 
# automatic
*F = $(notdir $*)
# environment
PROCESSOR_IDENTIFIER = Intel64 Family 6 Model 58 Stepping 9, GenuineIntel
# environment
OS = Windows_NT
# environment
VSCODE_IPC_HOOK = \\.\pipe\14571d28863edc49d5659a9223ba7c58-1.59.1-main-sock
# environment
HOMEPATH = \Users\Linh Le
# environment
COMMONPROGRAMFILES(X86) = C:\Program Files (x86)\Common Files
# en 
vironment
PROMPT = $P$G
# environment
MFLAGS = -Rrqp
# automatic
*D = $(patsubst %/,%,$(dir $*))
# environment
SYSTEMROOT = C:\Windows
# automatic
+D = $(patsubst %/,%,$(dir $+))
# automatic
+F = $(notdir $+)
# environment
APPDATA = C:\Users\Linh Le\AppData\Roaming
# environment
__COMPAT_LAYER = DetectorsAppHealth
# environment
TEMP = C:\Users\LINHLE~1\AppData\Local\Temp
# environment
COMSPEC = C:\Windows\system32\cmd.exe
# default
MAKEFILES := 
# environment
ARMGCC_DIR = C:\Program Files (x86)\dev\10 2020- 
q4-major\bin
# environment
VSCODE_BROWSER_CODE_LOADING = bypassHeatCheck
# automatic
<F = $(notdir $<)
# environment
LC_ALL = C
# makefile (from `makefile', line 37)
LIBS = -Llibopencm3/lib -lopencm3_stm32f1
# automatic
^F = $(notdir $^)
# default
SUFFIXES := 
# environment
SYSTEMDRIVE = C:
# environment
SESSIONNAME = Console
# environment
PROCESSOR_REVISION = 3a09
# environment
MOZ_PLUGIN_PATH = C:\Program Files (x86)\Foxit Software\Foxit PDF Reader\plugins\
# environment
MAKELEVEL := 0
# environment
LANG  
= C
# environment
PROCESSOR_LEVEL = 6
# environment
FPS_BROWSER_APP_PROFILE_STRING = Internet Explorer
# environment
VSCODE_PID = 6464
# environment
USERDOMAIN_ROAMINGPROFILE = DESKTOP-1G667LK
# variable set hash-table stats:
# Load=107/1024=10%, Rehash=0, Collisions=14/198=7%

# Pattern-specific Variable Values

# No pattern-specific variable values.

# Directories

# : could not be stat'd.
# C:\Program Files\Intel\iCLS Client\ (key C:/Program Files/Intel/iCLS Client/, mtime 1626455240): 18 files, no impos 
sibilities.
# C:\Windows\System32\WindowsPowerShell\v1.0\ (key C:/Windows/System32/WindowsPowerShell/v1.0/, mtime 1617976438): 30 files, no impossibilities.
# C:\Windows\System32\Wbem (key C:/Windows/System32/Wbem, mtime 1628791269): 170 files, no impossibilities.
# . (key c:/dev/project/stm32_tiny_monitor-master, mtime 1623962060): 19 files, no impossibilities.
# C:\Program Files (x86)\dev\Make\bin (key C:/Program Files (x86)/dev/Make/bin, mtime 1164412636): 5 files, no impossibilities.
# C:\Users\Linh Le\ 
AppData\Local\Microsoft\WindowsApps (key C:/Users/Linh Le/AppData/Local/Microsoft/WindowsApps, mtime 1629305717): 14 files, no impossibilities.
# C:\Program Files\Intel\Intel(R) Management Engine Components\IPT (key C:/Program Files/Intel/Intel(R) Management Engine Components/IPT, mtime 1626455247): 5 files, no impossibilities.
# C:\Windows\System32\OpenSSH\: could not be stat'd.
# C:\Program Files (x86)\Intel\iCLS Client\ (key C:/Program Files (x86)/Intel/iCLS Client/, mtime 1626455240): 15 files, no impos 
sibilities.
# C:\Program Files (x86)\dev\OpenOCD-20210625-0.11.0\bin (key C:/Program Files (x86)/dev/OpenOCD-20210625-0.11.0/bin, mtime 1626327653): 7 files, no impossibilities.
# C:\Program Files\Intel\Intel(R) Management Engine Components\DAL (key C:/Program Files/Intel/Intel(R) Management Engine Components/DAL, mtime 1626455247): 3 files, no impossibilities.
# C:\Windows (key C:/Windows, mtime 1629295762): 112 files, no impossibilities.
# C:\Program Files (x86)\GNU Arm Embedded Toolchain\10 2020-q4-major 
\bin (key C:/Program Files (x86)/GNU Arm Embedded Toolchain/10 2020-q4-major/bin, mtime 1626078076): 35 files, no impossibilities.
# C:\Program Files (x86)\dev\10 2020-q4-major\bin (key C:/Program Files (x86)/dev/10 2020-q4-major/bin, mtime 1626327637): 35 files, no impossibilities.
# C:\Windows\system32 (key C:/Windows/system32, mtime 1629296201): 2866 files, no impossibilities.
# C:\Program Files (x86)\Intel\Intel(R) Management Engine Components\IPT (key C:/Program Files (x86)/Intel/Intel(R) Management En 
gine Components/IPT, mtime 1626455247): 10 files, no impossibilities.
# D:\EPBrowser\oraclexe\app\oracle\product\10.2.0\server\bin (key D:/EPBrowser/oraclexe/app/oracle/product/10.2.0/server/bin, mtime 1622718959): 314 files, no impossibilities.
# C:\Users\Linh Le\AppData\Local\Programs\Microsoft VS Code\bin (key C:/Users/Linh Le/AppData/Local/Programs/Microsoft VS Code/bin, mtime 1629430629): 4 files, no impossibilities.
# C:\Program Files (x86)\Intel\Intel(R) Management Engine Components\DAL (key C:/Progr 
am Files (x86)/Intel/Intel(R) Management Engine Components/DAL, mtime 1626455247): 7 files, no impossibilities.

# 3669 files, no impossibilities in 20 directories.

# Implicit Rules

# No implicit rules.

# Files

main.elf: src/main.c src/st7789_stm32_spi.c libopencm3/lib/cm3/vector.c src/usb_descriptor.c src/common.c
#  Implicit rule search has not been done.
#  Implicit/static pattern stem: `'
#  Last modified 2021-06-18 03:34:20
#  File has been updated.
#  Needs to be updated (-q is set).
# automatic
# 
 @ := main.elf
# automatic
# % := 
# automatic
# * := 
# automatic
# + := src/main.c src/st7789_stm32_spi.c libopencm3/lib/cm3/vector.c src/usb_descriptor.c src/common.c
# automatic
# | := 
# automatic
# < := src/main.c
# automatic
# ^ := src/main.c src/st7789_stm32_spi.c libopencm3/lib/cm3/vector.c src/usb_descriptor.c src/common.c
# automatic
# ? := src/main.c
# variable set hash-table stats:
# Load=8/32=25%, Rehash=0, Collisions=2/23=9%
#  commands to execute (from `makefile', line 92):
	@echo "[Compilin 
g] $(SRCS)"
	@$(CC) $(INCLS) $(DEFS) $(CFLAGS) $(LFLAGS) $^ $(LIBS) -o $@
	

all: build
#  Phony target (prerequisite of .PHONY).
#  Command-line target.
#  Implicit rule search has not been done.
#  File does not exist.
#  File has been updated.
#  Needs to be updated (-q is set).
# variable set hash-table stats:
# Load=0/32=0%, Rehash=0, Collisions=0/13=0%

.PHONY: all build burn debug clean
#  Implicit rule search has not been done.
#  Modification time never checked.
#  File has not been updated.

# Not 
 a target:
.DEFAULT:
#  Implicit rule search has not been done.
#  Modification time never checked.
#  File has not been updated.

# Not a target:
libopencm3/lib/cm3/vector.c:
#  Implicit rule search has been done.
#  Last modified 2021-06-18 03:34:20
#  File has been updated.
#  Successfully updated.
# variable set hash-table stats:
# Load=0/32=0%, Rehash=0, Collisions=0/0=0%

debug:
#  Phony target (prerequisite of .PHONY).
#  Implicit rule search has not been done.
#  File does not exist.
#  File has not 
 been updated.
#  commands to execute (from `makefile', line 84):
	@echo "[Debugging] $(TARGET).elf"
	# Need to run st-util first for starting the gdb server
	@st-util &
	@$(GDB) -iex "add-auto-load-safe-path ./.gdbinit" $(TARGET).elf
	

# Not a target:
makefile:
#  Implicit rule search has been done.
#  Last modified 2021-08-20 15:42:52
#  File has been updated.
#  Successfully updated.
# variable set hash-table stats:
# Load=0/32=0%, Rehash=0, Collisions=0/0=0%

build: main.bin main.hex main.lst main.size 

#  Phony target (prerequisite of .PHONY).
#  Implicit rule search has not been done.
#  File does not exist.
#  File has been updated.
#  Needs to be updated (-q is set).
# variable set hash-table stats:
# Load=0/32=0%, Rehash=0, Collisions=0/13=0%

# Not a target:
src/common.c:
#  Implicit rule search has been done.
#  Last modified 2021-06-18 03:34:20
#  File has been updated.
#  Successfully updated.
# variable set hash-table stats:
# Load=0/32=0%, Rehash=0, Collisions=0/0=0%

main.lst: main.elf
#  Impl 
icit rule search has not been done.
#  Modification time never checked.
#  File has not been updated.
#  commands to execute (from `makefile', line 110):
	@echo "[Building] $@"
	@$(OD) -S $^ > $(TARGET).lst
	

main.size: main.elf
#  Implicit rule search has not been done.
#  Modification time never checked.
#  File has not been updated.
#  commands to execute (from `makefile', line 116):
	@$(PREFIX)-size -B -d $^
	

# Not a target:
src/main.c:
#  Implicit rule search has been done.
#  Last modified 2021-08- 
20 14:51:45
#  File has been updated.
#  Successfully updated.
# variable set hash-table stats:
# Load=0/32=0%, Rehash=0, Collisions=0/0=0%

# Not a target:
src/st7789_stm32_spi.c:
#  Implicit rule search has been done.
#  Last modified 2021-06-18 03:34:20
#  File has been updated.
#  Successfully updated.
# variable set hash-table stats:
# Load=0/32=0%, Rehash=0, Collisions=0/0=0%

# Not a target:
.SUFFIXES:
#  Implicit rule search has not been done.
#  Modification time never checked.
#  File has not been 
 updated.

# Not a target:
src/usb_descriptor.c:
#  Implicit rule search has been done.
#  Last modified 2021-06-18 03:34:20
#  File has been updated.
#  Successfully updated.
# variable set hash-table stats:
# Load=0/32=0%, Rehash=0, Collisions=0/0=0%

burn:
#  Phony target (prerequisite of .PHONY).
#  Implicit rule search has not been done.
#  File does not exist.
#  File has not been updated.
#  commands to execute (from `makefile', line 77):
	@echo "[Flashing] $(TARGET).bin in 0x8000000 address"
	@st-fl 
ash write $(TARGET).bin 0x8000000
	

clean:
#  Phony target (prerequisite of .PHONY).
#  Implicit rule search has not been done.
#  File does not exist.
#  File has not been updated.
#  commands to execute (from `makefile', line 122):
	@echo "[Cleaning] $(TARGET).hex $(TARGET).bin $(TARGET).elf $(TARGET).lst $(TARGET).map"
	@rm -f $(TARGET).hex $(TARGET).bin $(TARGET).elf $(TARGET).lst $(TARGET).map
	

main.hex: main.elf
#  Implicit rule search has not been done.
#  Modification time never checked.
#  File  
has not been updated.
#  commands to execute (from `makefile', line 104):
	@echo "[Building] $@"
	@$(CP) -O ihex $^ $@
	

main.bin: main.elf
#  Implicit rule search has not been done.
#  Last modified 2021-06-18 03:34:20
#  File has been updated.
#  Needs to be updated (-q is set).
# variable set hash-table stats:
# Load=0/32=0%, Rehash=0, Collisions=0/13=0%
#  commands to execute (from `makefile', line 98):
	@echo "[Building] $@"
	@$(CP) -O binary $^ $@
	

# files hash-table stats:
# Load=19/1024=2%, Rehas 
h=0, Collisions=4/55=7%
# VPATH Search Paths

# No `vpath' search paths.

# No general (`VPATH' variable) search path.

# # of strings in strcache: 1
# # of strcache buffers: 1
# strcache size: total = 4096 / max = 4096 / min = 4096 / avg = 4096
# strcache free: total = 4087 / max = 4087 / min = 4087 / avg = 4087

# Finished Make data base on Fri Aug 20 15:42:59 2021

 
